<?xml version="1.0" encoding="UTF-8"?>
<testng-results skipped="0" failed="0" ignored="0" total="1" passed="1">
  <reporter-output>
  </reporter-output>
  <suite name="Suite" duration-ms="15505" started-at="2017-08-24T18:55:35Z" finished-at="2017-08-24T18:55:51Z">
    <groups>
      <group name="REG">
        <method signature="SampleTestScript.openURL()[pri:0, instance:com.ondot.testng.SampleTestScript@59494225]" name="openURL" class="com.ondot.testng.SampleTestScript"/>
      </group> <!-- REG -->
    </groups>
    <test name="Test" duration-ms="15505" started-at="2017-08-24T18:55:35Z" finished-at="2017-08-24T18:55:51Z">
      <class name="com.ondot.testng.SampleTestScript">
        <test-method status="PASS" signature="openBrowser(java.lang.String)[pri:0, instance:com.ondot.testng.SampleTestScript@59494225]" name="openBrowser" is-config="true" duration-ms="7018" started-at="2017-08-24T15:55:35Z" finished-at="2017-08-24T15:55:42Z">
          <params>
            <param index="0">
              <value>
                <![CDATA[Firefox]]>
              </value>
            </param>
          </params>
          <reporter-output>
          </reporter-output>
        </test-method> <!-- openBrowser -->
        <test-method status="PASS" signature="openURL()[pri:0, instance:com.ondot.testng.SampleTestScript@59494225]" name="openURL" duration-ms="6359" started-at="2017-08-24T15:55:42Z" finished-at="2017-08-24T15:55:49Z">
          <reporter-output>
          </reporter-output>
        </test-method> <!-- openURL -->
        <test-method status="PASS" signature="closeBrowser()[pri:0, instance:com.ondot.testng.SampleTestScript@59494225]" name="closeBrowser" is-config="true" duration-ms="2116" started-at="2017-08-24T15:55:49Z" finished-at="2017-08-24T15:55:51Z">
          <reporter-output>
          </reporter-output>
        </test-method> <!-- closeBrowser -->
      </class> <!-- com.ondot.testng.SampleTestScript -->
    </test> <!-- Test -->
  </suite> <!-- Suite -->
</testng-results>
